{"level":"info","message":"This is an info message"}
{"level":"warn","message":"This is a warning"}
{"level":"error","message":"This is an error"}
{"level":"info","message":"This is an info message"}
{"level":"warn","message":"This is a warning"}
{"level":"error","message":"This is an error"}
{"level":"info","message":"This is an info message"}
{"level":"warn","message":"This is a warning"}
{"level":"error","message":"This is an error"}
{"level":"info","message":"This is an info message"}
{"level":"warn","message":"This is a warning"}
{"level":"error","message":"This is an error"}
{"level":"info","message":"This is an info message"}
{"level":"warn","message":"This is a warning"}
{"level":"error","message":"This is an error"}
{"level":"info","message":"This is an info message"}
{"level":"warn","message":"This is a warning"}
{"level":"error","message":"This is an error"}
{"level":"info","message":"Server is running on 8080"}
{"level":"info","message":"MongoDB Connection Successfull !"}
{"level":"info","message":"Server is running on 8080"}
{"level":"info","message":"MongoDB Connection Successfull !"}
{"level":"info","message":"Server is running on 8080"}
{"level":"info","message":"MongoDB Connection Successfull !"}
{"level":"info","message":"Server is running on 8080"}
{"level":"info","message":"MongoDB Connection Successfull !"}
{"level":"info","message":"Server is running on 8080"}
{"level":"info","message":"MongoDB Connection Successfull !"}
